2021-03-16 09:25:32.331  INFO 28285 --- [main] lavalink.server.Launcher                 : 

[32m       .  [31m _                  _ _       _    [32m__ _ _
[32m      /\\ [31m| | __ ___   ____ _| (_)_ __ | | __[32m\ \ \ \
[32m     ( ( )[31m| |/ _` \ \ / / _` | | | '_ \| |/ /[32m \ \ \ \
[32m      \\/ [31m| | (_| |\ V / (_| | | | | | |   < [32m  ) ) ) )
[32m       '  [31m|_|\__,_| \_/ \__,_|_|_|_| |_|_|\_\[32m / / / /
[0m    =========================================[32m/_/_/_/[0m

	Version:        3.3.2.3
	Build:          1199
	Build time:     15.02.2021 16:59:30 UTC
	Branch          oshicamebacktheverynextday
	Commit:         7f9925c
	Commit time:    30.11.2020 23:22:28 UTC
	JVM:            11.0.9.1
	Lavaplayer      1.3.71

2021-03-16 09:25:33.052  INFO 28285 --- [main] lavalink.server.Launcher                 : Starting Launcher on raspberrypi with PID 28285 (/home/pi/Song-s-Bot/Lavalink.jar started by pi in /home/pi/Song-s-Bot)
2021-03-16 09:25:33.056  INFO 28285 --- [main] lavalink.server.Launcher                 : No active profile set, falling back to default profiles: default
2021-03-16 09:25:33.695  WARN 28285 --- [background-preinit] o.s.h.c.j.Jackson2ObjectMapperBuilder    : For Jackson Kotlin classes support please add "com.fasterxml.jackson.module:jackson-module-kotlin" to the classpath
2021-03-16 09:25:40.034  WARN 28285 --- [main] io.undertow.websockets.jsr               : UT026010: Buffer pool was not set on WebSocketDeploymentInfo, the default pool will be used
2021-03-16 09:25:40.212  INFO 28285 --- [main] io.undertow.servlet                      : Initializing Spring embedded WebApplicationContext
2021-03-16 09:25:40.213  INFO 28285 --- [main] o.s.web.context.ContextLoader            : Root WebApplicationContext: initialization completed in 6871 ms
2021-03-16 09:25:42.579  WARN 28285 --- [main] l.server.config.SentryConfiguration      : Turning off sentry
2021-03-16 09:25:44.565  INFO 28285 --- [main] c.s.d.l.tools.GarbageCollectionMonitor   : GC monitoring enabled, reporting results every 2 minutes.
2021-03-16 09:25:45.596  INFO 28285 --- [main] lavalink.server.config.KoeConfiguration  : OS: Linux, Arch: arm
2021-03-16 09:25:45.597  WARN 28285 --- [main] lavalink.server.config.KoeConfiguration  : This system and architecture appears to not support native audio sending! GC pauses may cause your bot to stutter during playback.
2021-03-16 09:25:47.057  INFO 28285 --- [main] o.s.s.concurrent.ThreadPoolTaskExecutor  : Initializing ExecutorService 'applicationTaskExecutor'
2021-03-16 09:25:49.304  INFO 28285 --- [main] org.xnio                                 : XNIO version 3.3.8.Final
2021-03-16 09:25:49.370  INFO 28285 --- [main] org.xnio.nio                             : XNIO NIO Implementation Version 3.3.8.Final
2021-03-16 09:25:49.669  INFO 28285 --- [main] o.s.b.w.e.u.UndertowServletWebServer     : Undertow started on port(s) 6952 (http) with context path ''
2021-03-16 09:25:49.694  INFO 28285 --- [main] lavalink.server.Launcher                 : Started Launcher in 20.324 seconds (JVM running for 24.047)
2021-03-16 09:25:49.703  INFO 28285 --- [main] lavalink.server.Launcher                 : You can safely ignore the big red warning about illegal reflection. See https://github.com/Frederikam/Lavalink/issues/295
2021-03-16 09:26:08.999  INFO 28285 --- [XNIO-1 task-1] io.undertow.servlet                      : Initializing Spring DispatcherServlet 'dispatcherServlet'
2021-03-16 09:26:09.000  INFO 28285 --- [XNIO-1 task-1] o.s.web.servlet.DispatcherServlet        : Initializing Servlet 'dispatcherServlet'
2021-03-16 09:26:09.034  INFO 28285 --- [XNIO-1 task-1] o.s.web.servlet.DispatcherServlet        : Completed initialization in 33 ms
2021-03-16 09:26:09.129  INFO 28285 --- [XNIO-1 task-1] l.server.io.HandshakeInterceptorImpl     : Incoming connection from /127.0.0.1:32960
2021-03-16 09:26:09.382  INFO 28285 --- [XNIO-1 task-1] lavalink.server.io.SocketServer          : Connection successfully established from /127.0.0.1:32960
2021-03-16 09:26:51.714  INFO 28285 --- [XNIO-1 task-2] l.server.player.AudioLoaderRestHandler   : Got request to load for identifier "ytsearch:the fat rat"
2021-03-16 09:26:56.498  INFO 28285 --- [lava-daemon-pool-info-loader-2-thread-1] lavalink.server.player.AudioLoader       : Loaded playlist Search results for: the fat rat
2021-03-16 09:26:57.163  INFO 28285 --- [XNIO-1 I/O-1] lavalink.server.io.SocketServer          : {"op": "play", "guildId": "805066192603054100", "track": "QAAAdAIAEVRoZUZhdFJhdCAtIFVuaXR5AAlUaGVGYXRSYXQAAAAAAAPMqAALbjhYOV9NZ0VkQ2cAAQAraHR0cHM6Ly93d3cueW91dHViZS5jb20vd2F0Y2g/dj1uOFg5X01nRWRDZwAHeW91dHViZQAAAAAAAAAA", "noReplace": false, "startTime": "0"}
2021-03-16 09:26:57.398  INFO 28285 --- [XNIO-1 I/O-1] lavalink.server.io.SocketServer          : {"op": "voiceUpdate", "guildId": "805066192603054100", "sessionId": "610496188b644863e10a876933ab085d", "event": {"token": "842b2df0eb3e56af", "guild_id": "805066192603054100", "endpoint": "eu-central5736.discord.media:443"}}
2021-03-16 09:27:52.371  INFO 28285 --- [XNIO-1 I/O-1] lavalink.server.io.SocketServer          : Connection closed from /127.0.0.1:32960 -- CloseStatus[code=1006, reason=]
2021-03-16 09:27:52.372  INFO 28285 --- [XNIO-1 I/O-1] lavalink.server.io.SocketContext         : Shutting down 1 playing players.
2021-03-16 09:27:57.439  INFO 28285 --- [XNIO-1 task-4] l.server.io.HandshakeInterceptorImpl     : Incoming connection from /127.0.0.1:32994
2021-03-16 09:27:57.462  INFO 28285 --- [XNIO-1 task-4] lavalink.server.io.SocketServer          : Connection successfully established from /127.0.0.1:32994
2021-03-16 09:28:09.021  INFO 28285 --- [XNIO-1 task-5] l.server.player.AudioLoaderRestHandler   : Got request to load for identifier "ytsearch:the fat rat"
2021-03-16 09:28:09.798  INFO 28285 --- [lava-daemon-pool-info-loader-2-thread-1] lavalink.server.player.AudioLoader       : Loaded playlist Search results for: the fat rat
2021-03-16 09:28:10.306  INFO 28285 --- [XNIO-1 I/O-3] lavalink.server.io.SocketServer          : {"op": "play", "guildId": "805066192603054100", "track": "QAAAdAIAEVRoZUZhdFJhdCAtIFVuaXR5AAlUaGVGYXRSYXQAAAAAAAPMqAALbjhYOV9NZ0VkQ2cAAQAraHR0cHM6Ly93d3cueW91dHViZS5jb20vd2F0Y2g/dj1uOFg5X01nRWRDZwAHeW91dHViZQAAAAAAAAAA", "noReplace": false, "startTime": "0"}
2021-03-16 09:28:10.759  INFO 28285 --- [XNIO-1 I/O-3] lavalink.server.io.SocketServer          : {"op": "voiceUpdate", "guildId": "805066192603054100", "sessionId": "aba53022cf1862c3982c7ca92844ff84", "event": {"token": "842b2df0eb3e56af", "guild_id": "805066192603054100", "endpoint": "eu-central5736.discord.media:443"}}
2021-03-16 09:28:28.678  INFO 28285 --- [XNIO-1 I/O-3] lavalink.server.io.SocketServer          : Connection closed from /127.0.0.1:32994 -- CloseStatus[code=1006, reason=]
2021-03-16 09:28:28.679  INFO 28285 --- [XNIO-1 I/O-3] lavalink.server.io.SocketContext         : Shutting down 1 playing players.
2021-03-16 09:28:33.977  INFO 28285 --- [XNIO-1 task-7] l.server.io.HandshakeInterceptorImpl     : Incoming connection from /127.0.0.1:33018
2021-03-16 09:28:33.991  INFO 28285 --- [XNIO-1 task-7] lavalink.server.io.SocketServer          : Connection successfully established from /127.0.0.1:33018
2021-03-16 09:28:36.944  INFO 28285 --- [XNIO-1 task-8] l.server.player.AudioLoaderRestHandler   : Got request to load for identifier "ytsearch:the fat rat"
2021-03-16 09:28:37.783  INFO 28285 --- [lava-daemon-pool-info-loader-2-thread-1] lavalink.server.player.AudioLoader       : Loaded playlist Search results for: the fat rat
2021-03-16 09:28:38.219  INFO 28285 --- [XNIO-1 I/O-3] lavalink.server.io.SocketServer          : {"op": "play", "guildId": "805066192603054100", "track": "QAAAdAIAEVRoZUZhdFJhdCAtIFVuaXR5AAlUaGVGYXRSYXQAAAAAAAPMqAALbjhYOV9NZ0VkQ2cAAQAraHR0cHM6Ly93d3cueW91dHViZS5jb20vd2F0Y2g/dj1uOFg5X01nRWRDZwAHeW91dHViZQAAAAAAAAAA", "noReplace": false, "startTime": "0"}
2021-03-16 09:28:38.297  INFO 28285 --- [XNIO-1 I/O-3] lavalink.server.io.SocketServer          : {"op": "voiceUpdate", "guildId": "805066192603054100", "sessionId": "b0fc1ae7120b29a0834f96b480eae834", "event": {"token": "842b2df0eb3e56af", "guild_id": "805066192603054100", "endpoint": "eu-central5736.discord.media:443"}}
2021-03-16 09:28:57.999  INFO 28285 --- [XNIO-1 I/O-3] lavalink.server.io.SocketServer          : Connection closed from /127.0.0.1:33018 -- CloseStatus[code=1006, reason=]
2021-03-16 09:28:58.001  INFO 28285 --- [XNIO-1 I/O-3] lavalink.server.io.SocketContext         : Shutting down 1 playing players.
2021-03-16 09:29:03.198  INFO 28285 --- [XNIO-1 task-10] l.server.io.HandshakeInterceptorImpl     : Incoming connection from /127.0.0.1:33034
2021-03-16 09:29:03.223  INFO 28285 --- [XNIO-1 task-10] lavalink.server.io.SocketServer          : Connection successfully established from /127.0.0.1:33034
2021-03-16 09:29:08.108  INFO 28285 --- [XNIO-1 task-11] l.server.player.AudioLoaderRestHandler   : Got request to load for identifier "ytsearch:the fat rat"
2021-03-16 09:29:08.686  INFO 28285 --- [lava-daemon-pool-info-loader-2-thread-1] lavalink.server.player.AudioLoader       : Loaded playlist Search results for: the fat rat
2021-03-16 09:29:09.284  INFO 28285 --- [XNIO-1 I/O-3] lavalink.server.io.SocketServer          : {"op": "voiceUpdate", "guildId": "805066192603054100", "sessionId": "5992d6ecca9b2984d6d1a6d385d26cbb", "event": {"token": "842b2df0eb3e56af", "guild_id": "805066192603054100", "endpoint": "eu-central5736.discord.media:443"}}
2021-03-16 09:30:23.873  INFO 28285 --- [XNIO-1 I/O-3] lavalink.server.io.SocketServer          : Connection closed from /127.0.0.1:33034 -- CloseStatus[code=1006, reason=]
2021-03-16 09:30:23.874  INFO 28285 --- [XNIO-1 I/O-3] lavalink.server.io.SocketContext         : Shutting down 0 playing players.
2021-03-16 09:30:29.027  INFO 28285 --- [XNIO-1 task-13] l.server.io.HandshakeInterceptorImpl     : Incoming connection from /127.0.0.1:33054
2021-03-16 09:30:29.100  INFO 28285 --- [XNIO-1 task-13] lavalink.server.io.SocketServer          : Connection successfully established from /127.0.0.1:33054
2021-03-16 09:30:39.268  INFO 28285 --- [XNIO-1 I/O-3] lavalink.server.io.SocketServer          : Connection closed from /127.0.0.1:33054 -- CloseStatus[code=1006, reason=]
2021-03-16 09:30:39.270  INFO 28285 --- [XNIO-1 I/O-3] lavalink.server.io.SocketContext         : Shutting down 0 playing players.
2021-03-16 09:31:32.018  INFO 28285 --- [XNIO-1 task-14] l.server.io.HandshakeInterceptorImpl     : Incoming connection from /127.0.0.1:33110
2021-03-16 09:31:32.075  INFO 28285 --- [XNIO-1 task-14] lavalink.server.io.SocketServer          : Connection successfully established from /127.0.0.1:33110
2021-03-16 09:31:37.918  INFO 28285 --- [XNIO-1 task-15] l.server.player.AudioLoaderRestHandler   : Got request to load for identifier "ytsearch:https://www.twitch.tv/zoofilini"
2021-03-16 09:31:38.195  INFO 28285 --- [lava-daemon-pool-info-loader-2-thread-1] lavalink.server.player.AudioLoader       : No matches found
2021-03-16 09:32:03.276  INFO 28285 --- [XNIO-1 I/O-3] lavalink.server.io.SocketServer          : Connection closed from /127.0.0.1:33110 -- CloseStatus[code=1006, reason=]
2021-03-16 09:32:03.277  INFO 28285 --- [XNIO-1 I/O-3] lavalink.server.io.SocketContext         : Shutting down 0 playing players.
2021-03-16 09:32:07.932  INFO 28285 --- [XNIO-1 task-17] l.server.io.HandshakeInterceptorImpl     : Incoming connection from /127.0.0.1:33122
2021-03-16 09:32:07.945  INFO 28285 --- [XNIO-1 task-17] lavalink.server.io.SocketServer          : Connection successfully established from /127.0.0.1:33122
2021-03-16 09:32:13.277  INFO 28285 --- [XNIO-1 task-18] l.server.player.AudioLoaderRestHandler   : Got request to load for identifier "https://www.twitch.tv/zoofilini"
2021-03-16 09:32:14.080  INFO 28285 --- [lava-daemon-pool-info-loader-2-thread-1] lavalink.server.player.AudioLoader       : Loaded track Драгонбол Z
2021-03-16 09:32:14.535  INFO 28285 --- [XNIO-1 I/O-3] lavalink.server.io.SocketServer          : {"op": "play", "guildId": "805066192603054100", "track": "QAAAfgIAFNCU0YDQsNCz0L7QvdCx0L7QuyBaAAl6b29maWxpbml//////////wAfaHR0cHM6Ly93d3cudHdpdGNoLnR2L3pvb2ZpbGluaQEBAB9odHRwczovL3d3dy50d2l0Y2gudHYvem9vZmlsaW5pAAZ0d2l0Y2gAAAAAAAAAAA==", "noReplace": false, "startTime": "0"}
2021-03-16 09:32:14.550  INFO 28285 --- [XNIO-1 I/O-3] lavalink.server.io.SocketServer          : {"op": "voiceUpdate", "guildId": "805066192603054100", "sessionId": "05abfdd91d6928c350e75534f1e14939", "event": {"token": "842b2df0eb3e56af", "guild_id": "805066192603054100", "endpoint": "eu-central5736.discord.media:443"}}
2021-03-16 09:32:14.646  INFO 28285 --- [lava-daemon-pool-playback-1-thread-1] c.s.l.c.natives.NativeLibraryLoader      : Native library libmpg123-0: loading with filter com.sedmelluq.discord.lavaplayer.natives.ConnectorNativeLibLoader$$Lambda$551/0x6eb2ec28@135314c
2021-03-16 09:32:14.672  INFO 28285 --- [lava-daemon-pool-playback-1-thread-1] c.s.l.c.natives.NativeLibraryLoader      : Native library connector: loading with filter null
2021-03-16 09:32:14.840  INFO 28285 --- [lava-daemon-pool-playback-1-thread-1] c.s.l.c.natives.NativeLibraryLoader      : Native library connector: successfully loaded.
2021-03-16 09:32:41.156  INFO 28285 --- [XNIO-1 task-20] l.server.player.AudioLoaderRestHandler   : Got request to load for identifier "the fat rat"
2021-03-16 09:32:41.158  INFO 28285 --- [lava-daemon-pool-info-loader-2-thread-1] lavalink.server.player.AudioLoader       : No matches found
2021-03-16 09:35:33.884  INFO 28285 --- [XNIO-1 task-22] l.server.player.AudioLoaderRestHandler   : Got request to load for identifier "th efat rat"
2021-03-16 09:35:33.888  INFO 28285 --- [lava-daemon-pool-info-loader-2-thread-1] lavalink.server.player.AudioLoader       : No matches found
2021-03-16 09:36:20.481  INFO 28285 --- [XNIO-1 I/O-3] lavalink.server.io.SocketServer          : Connection closed from /127.0.0.1:33122 -- CloseStatus[code=1006, reason=]
2021-03-16 09:36:20.483  INFO 28285 --- [XNIO-1 I/O-3] lavalink.server.io.SocketContext         : Shutting down 0 playing players.
2021-03-16 09:36:25.230  INFO 28285 --- [XNIO-1 task-24] l.server.io.HandshakeInterceptorImpl     : Incoming connection from /127.0.0.1:34418
2021-03-16 09:36:25.243  INFO 28285 --- [XNIO-1 task-24] lavalink.server.io.SocketServer          : Connection successfully established from /127.0.0.1:34418
2021-03-16 09:36:26.741  INFO 28285 --- [XNIO-1 task-25] l.server.player.AudioLoaderRestHandler   : Got request to load for identifier "the fat rat"
2021-03-16 09:36:26.744  INFO 28285 --- [lava-daemon-pool-info-loader-2-thread-1] lavalink.server.player.AudioLoader       : No matches found
2021-03-16 09:36:26.800  INFO 28285 --- [XNIO-1 task-27] l.server.player.AudioLoaderRestHandler   : Got request to load for identifier "ytsearch:the fat rat"
2021-03-16 09:36:27.633  INFO 28285 --- [lava-daemon-pool-info-loader-2-thread-1] lavalink.server.player.AudioLoader       : Loaded playlist Search results for: the fat rat
2021-03-16 09:36:28.094  INFO 28285 --- [XNIO-1 I/O-3] lavalink.server.io.SocketServer          : {"op": "play", "guildId": "805066192603054100", "track": "QAAAdAIAEVRoZUZhdFJhdCAtIFVuaXR5AAlUaGVGYXRSYXQAAAAAAAPMqAALbjhYOV9NZ0VkQ2cAAQAraHR0cHM6Ly93d3cueW91dHViZS5jb20vd2F0Y2g/dj1uOFg5X01nRWRDZwAHeW91dHViZQAAAAAAAAAA", "noReplace": false, "startTime": "0"}
2021-03-16 09:36:28.120  INFO 28285 --- [XNIO-1 I/O-3] lavalink.server.io.SocketServer          : {"op": "voiceUpdate", "guildId": "805066192603054100", "sessionId": "9d7ed539ef0cb345cbad3fac3ff8acce", "event": {"token": "409cb6d5d333405a", "guild_id": "805066192603054100", "endpoint": "eu-central8773.discord.media:443"}}
2021-03-16 09:39:05.713  INFO 28285 --- [XNIO-1 I/O-3] lavalink.server.io.SocketServer          : Connection closed from /127.0.0.1:34418 -- CloseStatus[code=1006, reason=]
2021-03-16 09:39:05.715  INFO 28285 --- [XNIO-1 I/O-3] lavalink.server.io.SocketContext         : Shutting down 1 playing players.
2021-03-16 09:39:36.335  INFO 28285 --- [XNIO-1 task-29] l.server.io.HandshakeInterceptorImpl     : Incoming connection from /127.0.0.1:34446
2021-03-16 09:39:36.382  INFO 28285 --- [XNIO-1 task-29] lavalink.server.io.SocketServer          : Connection successfully established from /127.0.0.1:34446
2021-03-16 09:40:10.904  INFO 28285 --- [XNIO-1 task-30] l.server.player.AudioLoaderRestHandler   : Got request to load for identifier "https://open.spotify.com/track/2Um2DA6F0Qppo00J1E4nRH?si=288221564b69431f"
2021-03-16 09:40:12.168 ERROR 28285 --- [lava-daemon-pool-info-loader-2-thread-1] lavalink.server.player.AudioLoader       : Load failed

com.sedmelluq.discord.lavaplayer.tools.FriendlyException: Unknown file format.
	at com.sedmelluq.discord.lavaplayer.source.ProbingAudioSourceManager.handleLoadResult(ProbingAudioSourceManager.java:34) ~[lavaplayer-1.3.71.jar!/:na]
	at com.sedmelluq.discord.lavaplayer.source.http.HttpAudioSourceManager.loadItem(HttpAudioSourceManager.java:81) ~[lavaplayer-1.3.71.jar!/:na]
	at com.sedmelluq.discord.lavaplayer.player.DefaultAudioPlayerManager.checkSourcesForItemOnce(DefaultAudioPlayerManager.java:436) ~[lavaplayer-1.3.71.jar!/:na]
	at com.sedmelluq.discord.lavaplayer.player.DefaultAudioPlayerManager.checkSourcesForItem(DefaultAudioPlayerManager.java:418) ~[lavaplayer-1.3.71.jar!/:na]
	at com.sedmelluq.discord.lavaplayer.player.DefaultAudioPlayerManager.lambda$createItemLoader$0(DefaultAudioPlayerManager.java:217) ~[lavaplayer-1.3.71.jar!/:na]
	at java.base/java.util.concurrent.FutureTask.run(FutureTask.java:264) ~[na:na]
	at java.base/java.util.concurrent.ThreadPoolExecutor.runWorker(ThreadPoolExecutor.java:1128) ~[na:na]
	at java.base/java.util.concurrent.ThreadPoolExecutor$Worker.run(ThreadPoolExecutor.java:628) ~[na:na]
	at java.base/java.lang.Thread.run(Thread.java:834) ~[na:na]
	Suppressed: com.sedmelluq.discord.lavaplayer.tools.exception.EnvironmentInformation: 
  lavaplayer.version: 1.3.71
  os.arch: arm
  os.name: Linux
  os.version: 5.4.83-v7l+
  java.vendor: Raspbian
  java.version: 11.0.9.1
  java.runtime.version: 11.0.9.1+1-post-Raspbian-1deb10u2
  java.vm.version: 11.0.9.1+1-post-Raspbian-1deb10u2

2021-03-16 09:40:12.182 ERROR 28285 --- [lava-daemon-pool-info-loader-2-thread-1] l.server.player.AudioLoaderRestHandler   : Track loading failed

com.sedmelluq.discord.lavaplayer.tools.FriendlyException: Unknown file format.
	at com.sedmelluq.discord.lavaplayer.source.ProbingAudioSourceManager.handleLoadResult(ProbingAudioSourceManager.java:34) ~[lavaplayer-1.3.71.jar!/:na]
	at com.sedmelluq.discord.lavaplayer.source.http.HttpAudioSourceManager.loadItem(HttpAudioSourceManager.java:81) ~[lavaplayer-1.3.71.jar!/:na]
	at com.sedmelluq.discord.lavaplayer.player.DefaultAudioPlayerManager.checkSourcesForItemOnce(DefaultAudioPlayerManager.java:436) ~[lavaplayer-1.3.71.jar!/:na]
	at com.sedmelluq.discord.lavaplayer.player.DefaultAudioPlayerManager.checkSourcesForItem(DefaultAudioPlayerManager.java:418) ~[lavaplayer-1.3.71.jar!/:na]
	at com.sedmelluq.discord.lavaplayer.player.DefaultAudioPlayerManager.lambda$createItemLoader$0(DefaultAudioPlayerManager.java:217) ~[lavaplayer-1.3.71.jar!/:na]
	at java.base/java.util.concurrent.FutureTask.run(FutureTask.java:264) ~[na:na]
	at java.base/java.util.concurrent.ThreadPoolExecutor.runWorker(ThreadPoolExecutor.java:1128) ~[na:na]
	at java.base/java.util.concurrent.ThreadPoolExecutor$Worker.run(ThreadPoolExecutor.java:628) ~[na:na]
	at java.base/java.lang.Thread.run(Thread.java:834) ~[na:na]
	Suppressed: com.sedmelluq.discord.lavaplayer.tools.exception.EnvironmentInformation: 
  lavaplayer.version: 1.3.71
  os.arch: arm
  os.name: Linux
  os.version: 5.4.83-v7l+
  java.vendor: Raspbian
  java.version: 11.0.9.1
  java.runtime.version: 11.0.9.1+1-post-Raspbian-1deb10u2
  java.vm.version: 11.0.9.1+1-post-Raspbian-1deb10u2

2021-03-16 09:40:12.216  INFO 28285 --- [XNIO-1 task-32] l.server.player.AudioLoaderRestHandler   : Got request to load for identifier "ytsearch:https://open.spotify.com/track/2Um2DA6F0Qppo00J1E4nRH?si=288221564b69431f"
2021-03-16 09:40:12.972  INFO 28285 --- [lava-daemon-pool-info-loader-2-thread-1] lavalink.server.player.AudioLoader       : No matches found
2021-03-16 09:40:13.694  INFO 28285 --- [XNIO-1 I/O-3] lavalink.server.io.SocketServer          : {"op": "voiceUpdate", "guildId": "805066192603054100", "sessionId": "91d43de42b0a4febb33151d2585feeb6", "event": {"token": "409cb6d5d333405a", "guild_id": "805066192603054100", "endpoint": "eu-central8773.discord.media:443"}}
2021-03-16 09:41:06.451  INFO 28285 --- [XNIO-1 I/O-3] lavalink.server.io.SocketServer          : Connection closed from /127.0.0.1:34446 -- CloseStatus[code=1006, reason=]
2021-03-16 09:41:06.452  INFO 28285 --- [XNIO-1 I/O-3] lavalink.server.io.SocketContext         : Shutting down 0 playing players.
2021-03-16 09:41:12.082  INFO 28285 --- [XNIO-1 task-2] l.server.io.HandshakeInterceptorImpl     : Incoming connection from /127.0.0.1:34504
2021-03-16 09:41:12.096  INFO 28285 --- [XNIO-1 task-2] lavalink.server.io.SocketServer          : Connection successfully established from /127.0.0.1:34504
2021-03-16 09:41:14.691  INFO 28285 --- [XNIO-1 task-3] l.server.player.AudioLoaderRestHandler   : Got request to load for identifier "https://open.spotify.com/track/2Um2DA6F0Qppo00J1E4nRH?si=288221564b69431f"
2021-03-16 09:41:15.237 ERROR 28285 --- [lava-daemon-pool-info-loader-2-thread-1] lavalink.server.player.AudioLoader       : Load failed

com.sedmelluq.discord.lavaplayer.tools.FriendlyException: Unknown file format.
	at com.sedmelluq.discord.lavaplayer.source.ProbingAudioSourceManager.handleLoadResult(ProbingAudioSourceManager.java:34) ~[lavaplayer-1.3.71.jar!/:na]
	at com.sedmelluq.discord.lavaplayer.source.http.HttpAudioSourceManager.loadItem(HttpAudioSourceManager.java:81) ~[lavaplayer-1.3.71.jar!/:na]
	at com.sedmelluq.discord.lavaplayer.player.DefaultAudioPlayerManager.checkSourcesForItemOnce(DefaultAudioPlayerManager.java:436) ~[lavaplayer-1.3.71.jar!/:na]
	at com.sedmelluq.discord.lavaplayer.player.DefaultAudioPlayerManager.checkSourcesForItem(DefaultAudioPlayerManager.java:418) ~[lavaplayer-1.3.71.jar!/:na]
	at com.sedmelluq.discord.lavaplayer.player.DefaultAudioPlayerManager.lambda$createItemLoader$0(DefaultAudioPlayerManager.java:217) ~[lavaplayer-1.3.71.jar!/:na]
	at java.base/java.util.concurrent.FutureTask.run(FutureTask.java:264) ~[na:na]
	at java.base/java.util.concurrent.ThreadPoolExecutor.runWorker(ThreadPoolExecutor.java:1128) ~[na:na]
	at java.base/java.util.concurrent.ThreadPoolExecutor$Worker.run(ThreadPoolExecutor.java:628) ~[na:na]
	at java.base/java.lang.Thread.run(Thread.java:834) ~[na:na]
	Suppressed: com.sedmelluq.discord.lavaplayer.tools.exception.EnvironmentInformation: 
  lavaplayer.version: 1.3.71
  os.arch: arm
  os.name: Linux
  os.version: 5.4.83-v7l+
  java.vendor: Raspbian
  java.version: 11.0.9.1
  java.runtime.version: 11.0.9.1+1-post-Raspbian-1deb10u2
  java.vm.version: 11.0.9.1+1-post-Raspbian-1deb10u2

2021-03-16 09:41:15.250 ERROR 28285 --- [lava-daemon-pool-info-loader-2-thread-1] l.server.player.AudioLoaderRestHandler   : Track loading failed

com.sedmelluq.discord.lavaplayer.tools.FriendlyException: Unknown file format.
	at com.sedmelluq.discord.lavaplayer.source.ProbingAudioSourceManager.handleLoadResult(ProbingAudioSourceManager.java:34) ~[lavaplayer-1.3.71.jar!/:na]
	at com.sedmelluq.discord.lavaplayer.source.http.HttpAudioSourceManager.loadItem(HttpAudioSourceManager.java:81) ~[lavaplayer-1.3.71.jar!/:na]
	at com.sedmelluq.discord.lavaplayer.player.DefaultAudioPlayerManager.checkSourcesForItemOnce(DefaultAudioPlayerManager.java:436) ~[lavaplayer-1.3.71.jar!/:na]
	at com.sedmelluq.discord.lavaplayer.player.DefaultAudioPlayerManager.checkSourcesForItem(DefaultAudioPlayerManager.java:418) ~[lavaplayer-1.3.71.jar!/:na]
	at com.sedmelluq.discord.lavaplayer.player.DefaultAudioPlayerManager.lambda$createItemLoader$0(DefaultAudioPlayerManager.java:217) ~[lavaplayer-1.3.71.jar!/:na]
	at java.base/java.util.concurrent.FutureTask.run(FutureTask.java:264) ~[na:na]
	at java.base/java.util.concurrent.ThreadPoolExecutor.runWorker(ThreadPoolExecutor.java:1128) ~[na:na]
	at java.base/java.util.concurrent.ThreadPoolExecutor$Worker.run(ThreadPoolExecutor.java:628) ~[na:na]
	at java.base/java.lang.Thread.run(Thread.java:834) ~[na:na]
	Suppressed: com.sedmelluq.discord.lavaplayer.tools.exception.EnvironmentInformation: 
  lavaplayer.version: 1.3.71
  os.arch: arm
  os.name: Linux
  os.version: 5.4.83-v7l+
  java.vendor: Raspbian
  java.version: 11.0.9.1
  java.runtime.version: 11.0.9.1+1-post-Raspbian-1deb10u2
  java.vm.version: 11.0.9.1+1-post-Raspbian-1deb10u2

2021-03-16 09:41:15.312  INFO 28285 --- [XNIO-1 task-5] l.server.player.AudioLoaderRestHandler   : Got request to load for identifier "ytsearch:https://open.spotify.com/track/2Um2DA6F0Qppo00J1E4nRH?si=288221564b69431f"
2021-03-16 09:41:15.589  INFO 28285 --- [lava-daemon-pool-info-loader-2-thread-1] lavalink.server.player.AudioLoader       : No matches found
2021-03-16 09:41:15.921  INFO 28285 --- [XNIO-1 task-7] l.server.player.AudioLoaderRestHandler   : Got request to load for identifier "ytsearch:Gooseworx Slutty Spider Polka Pop (Angel Dust Theme)"
2021-03-16 09:41:16.562  INFO 28285 --- [lava-daemon-pool-info-loader-2-thread-1] lavalink.server.player.AudioLoader       : Loaded playlist Search results for: Gooseworx Slutty Spider Polka Pop (Angel Dust Theme)
2021-03-16 09:41:17.083  INFO 28285 --- [XNIO-1 I/O-1] lavalink.server.io.SocketServer          : {"op": "play", "guildId": "805066192603054100", "track": "QAAAnQIAOlNMVVRUWSBTUElERVIgUE9MS0EgUE9QLSBBbmdlbCBEdXN0IFRoZW1lLSBHb29zZXdvcnggTXVzaWMACVZpdnppZXBvcAAAAAAABAsoAAtfT1k5T1lhTXhvZwABACtodHRwczovL3d3dy55b3V0dWJlLmNvbS93YXRjaD92PV9PWTlPWWFNeG9nAAd5b3V0dWJlAAAAAAAAAAA=", "noReplace": false, "startTime": "0"}
2021-03-16 09:41:17.110  INFO 28285 --- [XNIO-1 I/O-1] lavalink.server.io.SocketServer          : {"op": "voiceUpdate", "guildId": "805066192603054100", "sessionId": "5a34dd3d12882c5f990c325414791599", "event": {"token": "409cb6d5d333405a", "guild_id": "805066192603054100", "endpoint": "eu-central8773.discord.media:443"}}
2021-03-16 09:47:23.329  INFO 28285 --- [XNIO-1 task-9] l.server.player.AudioLoaderRestHandler   : Got request to load for identifier "https://open.spotify.com/track/2Um2DA6F0Qppo00J1E4nRH?si=288221564b69431f"
2021-03-16 09:47:24.080 ERROR 28285 --- [lava-daemon-pool-info-loader-2-thread-1] lavalink.server.player.AudioLoader       : Load failed

com.sedmelluq.discord.lavaplayer.tools.FriendlyException: Unknown file format.
	at com.sedmelluq.discord.lavaplayer.source.ProbingAudioSourceManager.handleLoadResult(ProbingAudioSourceManager.java:34) ~[lavaplayer-1.3.71.jar!/:na]
	at com.sedmelluq.discord.lavaplayer.source.http.HttpAudioSourceManager.loadItem(HttpAudioSourceManager.java:81) ~[lavaplayer-1.3.71.jar!/:na]
	at com.sedmelluq.discord.lavaplayer.player.DefaultAudioPlayerManager.checkSourcesForItemOnce(DefaultAudioPlayerManager.java:436) ~[lavaplayer-1.3.71.jar!/:na]
	at com.sedmelluq.discord.lavaplayer.player.DefaultAudioPlayerManager.checkSourcesForItem(DefaultAudioPlayerManager.java:418) ~[lavaplayer-1.3.71.jar!/:na]
	at com.sedmelluq.discord.lavaplayer.player.DefaultAudioPlayerManager.lambda$createItemLoader$0(DefaultAudioPlayerManager.java:217) ~[lavaplayer-1.3.71.jar!/:na]
	at java.base/java.util.concurrent.FutureTask.run(FutureTask.java:264) ~[na:na]
	at java.base/java.util.concurrent.ThreadPoolExecutor.runWorker(ThreadPoolExecutor.java:1128) ~[na:na]
	at java.base/java.util.concurrent.ThreadPoolExecutor$Worker.run(ThreadPoolExecutor.java:628) ~[na:na]
	at java.base/java.lang.Thread.run(Thread.java:834) ~[na:na]
	Suppressed: com.sedmelluq.discord.lavaplayer.tools.exception.EnvironmentInformation: 
  lavaplayer.version: 1.3.71
  os.arch: arm
  os.name: Linux
  os.version: 5.4.83-v7l+
  java.vendor: Raspbian
  java.version: 11.0.9.1
  java.runtime.version: 11.0.9.1+1-post-Raspbian-1deb10u2
  java.vm.version: 11.0.9.1+1-post-Raspbian-1deb10u2

2021-03-16 09:47:24.087 ERROR 28285 --- [lava-daemon-pool-info-loader-2-thread-1] l.server.player.AudioLoaderRestHandler   : Track loading failed

com.sedmelluq.discord.lavaplayer.tools.FriendlyException: Unknown file format.
	at com.sedmelluq.discord.lavaplayer.source.ProbingAudioSourceManager.handleLoadResult(ProbingAudioSourceManager.java:34) ~[lavaplayer-1.3.71.jar!/:na]
	at com.sedmelluq.discord.lavaplayer.source.http.HttpAudioSourceManager.loadItem(HttpAudioSourceManager.java:81) ~[lavaplayer-1.3.71.jar!/:na]
	at com.sedmelluq.discord.lavaplayer.player.DefaultAudioPlayerManager.checkSourcesForItemOnce(DefaultAudioPlayerManager.java:436) ~[lavaplayer-1.3.71.jar!/:na]
	at com.sedmelluq.discord.lavaplayer.player.DefaultAudioPlayerManager.checkSourcesForItem(DefaultAudioPlayerManager.java:418) ~[lavaplayer-1.3.71.jar!/:na]
	at com.sedmelluq.discord.lavaplayer.player.DefaultAudioPlayerManager.lambda$createItemLoader$0(DefaultAudioPlayerManager.java:217) ~[lavaplayer-1.3.71.jar!/:na]
	at java.base/java.util.concurrent.FutureTask.run(FutureTask.java:264) ~[na:na]
	at java.base/java.util.concurrent.ThreadPoolExecutor.runWorker(ThreadPoolExecutor.java:1128) ~[na:na]
	at java.base/java.util.concurrent.ThreadPoolExecutor$Worker.run(ThreadPoolExecutor.java:628) ~[na:na]
	at java.base/java.lang.Thread.run(Thread.java:834) ~[na:na]
	Suppressed: com.sedmelluq.discord.lavaplayer.tools.exception.EnvironmentInformation: 
  lavaplayer.version: 1.3.71
  os.arch: arm
  os.name: Linux
  os.version: 5.4.83-v7l+
  java.vendor: Raspbian
  java.version: 11.0.9.1
  java.runtime.version: 11.0.9.1+1-post-Raspbian-1deb10u2
  java.vm.version: 11.0.9.1+1-post-Raspbian-1deb10u2

2021-03-16 09:47:24.116  INFO 28285 --- [XNIO-1 task-11] l.server.player.AudioLoaderRestHandler   : Got request to load for identifier "ytsearch:https://open.spotify.com/track/2Um2DA6F0Qppo00J1E4nRH?si=288221564b69431f"
2021-03-16 09:47:24.548  INFO 28285 --- [lava-daemon-pool-info-loader-2-thread-1] lavalink.server.player.AudioLoader       : No matches found
2021-03-16 09:47:24.843  INFO 28285 --- [XNIO-1 task-13] l.server.player.AudioLoaderRestHandler   : Got request to load for identifier "ytsearch:Gooseworx Slutty Spider Polka Pop (Angel Dust Theme)"
2021-03-16 09:47:25.367  INFO 28285 --- [lava-daemon-pool-info-loader-2-thread-1] lavalink.server.player.AudioLoader       : Loaded playlist Search results for: Gooseworx Slutty Spider Polka Pop (Angel Dust Theme)
2021-03-16 09:47:25.631  INFO 28285 --- [XNIO-1 I/O-1] lavalink.server.io.SocketServer          : {"op": "play", "guildId": "805066192603054100", "track": "QAAAnQIAOlNMVVRUWSBTUElERVIgUE9MS0EgUE9QLSBBbmdlbCBEdXN0IFRoZW1lLSBHb29zZXdvcnggTXVzaWMACVZpdnppZXBvcAAAAAAABAsoAAtfT1k5T1lhTXhvZwABACtodHRwczovL3d3dy55b3V0dWJlLmNvbS93YXRjaD92PV9PWTlPWWFNeG9nAAd5b3V0dWJlAAAAAAAAAAA=", "noReplace": false, "startTime": "0"}
2021-03-16 09:54:13.048  INFO 28285 --- [XNIO-1 task-15] l.server.player.AudioLoaderRestHandler   : Got request to load for identifier "the fat rat"
2021-03-16 09:54:13.053  INFO 28285 --- [lava-daemon-pool-info-loader-2-thread-1] lavalink.server.player.AudioLoader       : No matches found
2021-03-16 09:54:13.105  INFO 28285 --- [XNIO-1 task-17] l.server.player.AudioLoaderRestHandler   : Got request to load for identifier "ytsearch:the fat rat"
2021-03-16 09:54:14.047  INFO 28285 --- [lava-daemon-pool-info-loader-2-thread-1] lavalink.server.player.AudioLoader       : Loaded playlist Search results for: the fat rat
2021-03-16 09:54:14.387  INFO 28285 --- [XNIO-1 I/O-1] lavalink.server.io.SocketServer          : {"op": "play", "guildId": "805066192603054100", "track": "QAAAdAIAEVRoZUZhdFJhdCAtIFVuaXR5AAlUaGVGYXRSYXQAAAAAAAPMqAALbjhYOV9NZ0VkQ2cAAQAraHR0cHM6Ly93d3cueW91dHViZS5jb20vd2F0Y2g/dj1uOFg5X01nRWRDZwAHeW91dHViZQAAAAAAAAAA", "noReplace": false, "startTime": "0"}
2021-03-16 09:54:38.775  INFO 28285 --- [XNIO-1 task-19] l.server.player.AudioLoaderRestHandler   : Got request to load for identifier "https://open.spotify.com/track/2Um2DA6F0Qppo00J1E4nRH?si=288221564b69431f"
2021-03-16 09:54:39.326 ERROR 28285 --- [lava-daemon-pool-info-loader-2-thread-1] lavalink.server.player.AudioLoader       : Load failed

com.sedmelluq.discord.lavaplayer.tools.FriendlyException: Unknown file format.
	at com.sedmelluq.discord.lavaplayer.source.ProbingAudioSourceManager.handleLoadResult(ProbingAudioSourceManager.java:34) ~[lavaplayer-1.3.71.jar!/:na]
	at com.sedmelluq.discord.lavaplayer.source.http.HttpAudioSourceManager.loadItem(HttpAudioSourceManager.java:81) ~[lavaplayer-1.3.71.jar!/:na]
	at com.sedmelluq.discord.lavaplayer.player.DefaultAudioPlayerManager.checkSourcesForItemOnce(DefaultAudioPlayerManager.java:436) ~[lavaplayer-1.3.71.jar!/:na]
	at com.sedmelluq.discord.lavaplayer.player.DefaultAudioPlayerManager.checkSourcesForItem(DefaultAudioPlayerManager.java:418) ~[lavaplayer-1.3.71.jar!/:na]
	at com.sedmelluq.discord.lavaplayer.player.DefaultAudioPlayerManager.lambda$createItemLoader$0(DefaultAudioPlayerManager.java:217) ~[lavaplayer-1.3.71.jar!/:na]
	at java.base/java.util.concurrent.FutureTask.run(FutureTask.java:264) ~[na:na]
	at java.base/java.util.concurrent.ThreadPoolExecutor.runWorker(ThreadPoolExecutor.java:1128) ~[na:na]
	at java.base/java.util.concurrent.ThreadPoolExecutor$Worker.run(ThreadPoolExecutor.java:628) ~[na:na]
	at java.base/java.lang.Thread.run(Thread.java:834) ~[na:na]
	Suppressed: com.sedmelluq.discord.lavaplayer.tools.exception.EnvironmentInformation: 
  lavaplayer.version: 1.3.71
  os.arch: arm
  os.name: Linux
  os.version: 5.4.83-v7l+
  java.vendor: Raspbian
  java.version: 11.0.9.1
  java.runtime.version: 11.0.9.1+1-post-Raspbian-1deb10u2
  java.vm.version: 11.0.9.1+1-post-Raspbian-1deb10u2

2021-03-16 09:54:39.364 ERROR 28285 --- [lava-daemon-pool-info-loader-2-thread-1] l.server.player.AudioLoaderRestHandler   : Track loading failed

com.sedmelluq.discord.lavaplayer.tools.FriendlyException: Unknown file format.
	at com.sedmelluq.discord.lavaplayer.source.ProbingAudioSourceManager.handleLoadResult(ProbingAudioSourceManager.java:34) ~[lavaplayer-1.3.71.jar!/:na]
	at com.sedmelluq.discord.lavaplayer.source.http.HttpAudioSourceManager.loadItem(HttpAudioSourceManager.java:81) ~[lavaplayer-1.3.71.jar!/:na]
	at com.sedmelluq.discord.lavaplayer.player.DefaultAudioPlayerManager.checkSourcesForItemOnce(DefaultAudioPlayerManager.java:436) ~[lavaplayer-1.3.71.jar!/:na]
	at com.sedmelluq.discord.lavaplayer.player.DefaultAudioPlayerManager.checkSourcesForItem(DefaultAudioPlayerManager.java:418) ~[lavaplayer-1.3.71.jar!/:na]
	at com.sedmelluq.discord.lavaplayer.player.DefaultAudioPlayerManager.lambda$createItemLoader$0(DefaultAudioPlayerManager.java:217) ~[lavaplayer-1.3.71.jar!/:na]
	at java.base/java.util.concurrent.FutureTask.run(FutureTask.java:264) ~[na:na]
	at java.base/java.util.concurrent.ThreadPoolExecutor.runWorker(ThreadPoolExecutor.java:1128) ~[na:na]
	at java.base/java.util.concurrent.ThreadPoolExecutor$Worker.run(ThreadPoolExecutor.java:628) ~[na:na]
	at java.base/java.lang.Thread.run(Thread.java:834) ~[na:na]
	Suppressed: com.sedmelluq.discord.lavaplayer.tools.exception.EnvironmentInformation: 
  lavaplayer.version: 1.3.71
  os.arch: arm
  os.name: Linux
  os.version: 5.4.83-v7l+
  java.vendor: Raspbian
  java.version: 11.0.9.1
  java.runtime.version: 11.0.9.1+1-post-Raspbian-1deb10u2
  java.vm.version: 11.0.9.1+1-post-Raspbian-1deb10u2

2021-03-16 09:54:39.401  INFO 28285 --- [XNIO-1 task-21] l.server.player.AudioLoaderRestHandler   : Got request to load for identifier "ytsearch:https://open.spotify.com/track/2Um2DA6F0Qppo00J1E4nRH?si=288221564b69431f"
2021-03-16 09:54:39.765  INFO 28285 --- [lava-daemon-pool-info-loader-2-thread-1] lavalink.server.player.AudioLoader       : No matches found
2021-03-16 09:54:40.058  INFO 28285 --- [XNIO-1 task-23] l.server.player.AudioLoaderRestHandler   : Got request to load for identifier "ytsearch:Gooseworx Slutty Spider Polka Pop (Angel Dust Theme)"
2021-03-16 09:54:40.800  INFO 28285 --- [lava-daemon-pool-info-loader-2-thread-1] lavalink.server.player.AudioLoader       : Loaded playlist Search results for: Gooseworx Slutty Spider Polka Pop (Angel Dust Theme)
2021-03-16 09:54:41.327  INFO 28285 --- [XNIO-1 I/O-1] lavalink.server.io.SocketServer          : {"op": "play", "guildId": "805066192603054100", "track": "QAAAnQIAOlNMVVRUWSBTUElERVIgUE9MS0EgUE9QLSBBbmdlbCBEdXN0IFRoZW1lLSBHb29zZXdvcnggTXVzaWMACVZpdnppZXBvcAAAAAAABAsoAAtfT1k5T1lhTXhvZwABACtodHRwczovL3d3dy55b3V0dWJlLmNvbS93YXRjaD92PV9PWTlPWWFNeG9nAAd5b3V0dWJlAAAAAAAAAAA=", "noReplace": false, "startTime": "0"}
2021-03-16 10:00:07.605  INFO 28285 --- [XNIO-1 I/O-1] lavalink.server.io.SocketServer          : Connection closed from /127.0.0.1:34504 -- CloseStatus[code=1006, reason=]
2021-03-16 10:00:07.607  INFO 28285 --- [XNIO-1 I/O-1] lavalink.server.io.SocketContext         : Shutting down 0 playing players.
2021-03-16 10:00:13.307  INFO 28285 --- [XNIO-1 task-25] l.server.io.HandshakeInterceptorImpl     : Incoming connection from /127.0.0.1:34832
2021-03-16 10:00:16.984  INFO 28285 --- [XNIO-1 task-25] lavalink.server.io.SocketServer          : Connection successfully established from /127.0.0.1:34832
2021-03-16 10:00:21.238  INFO 28285 --- [XNIO-1 task-26] l.server.player.AudioLoaderRestHandler   : Got request to load for identifier "the fat rat"
2021-03-16 10:00:21.246  INFO 28285 --- [lava-daemon-pool-info-loader-2-thread-1] lavalink.server.player.AudioLoader       : No matches found
2021-03-16 10:00:21.277  INFO 28285 --- [XNIO-1 task-28] l.server.player.AudioLoaderRestHandler   : Got request to load for identifier "ytsearch:the fat rat"
2021-03-16 10:00:22.353  INFO 28285 --- [lava-daemon-pool-info-loader-2-thread-1] lavalink.server.player.AudioLoader       : Loaded playlist Search results for: the fat rat
2021-03-16 10:00:22.848  INFO 28285 --- [XNIO-1 I/O-1] lavalink.server.io.SocketServer          : {"op": "voiceUpdate", "guildId": "805066192603054100", "sessionId": "e79950df19efc1e724c9a1f154a5c9ec", "event": {"token": "409cb6d5d333405a", "guild_id": "805066192603054100", "endpoint": "eu-central8773.discord.media:443"}}
2021-03-16 10:02:40.001  INFO 28285 --- [XNIO-1 I/O-1] lavalink.server.io.SocketServer          : Connection closed from /127.0.0.1:34832 -- CloseStatus[code=1006, reason=]
2021-03-16 10:02:40.002  INFO 28285 --- [XNIO-1 I/O-1] lavalink.server.io.SocketContext         : Shutting down 0 playing players.
2021-03-16 10:02:45.683  INFO 28285 --- [XNIO-1 task-30] l.server.io.HandshakeInterceptorImpl     : Incoming connection from /127.0.0.1:34858
2021-03-16 10:02:45.704  INFO 28285 --- [XNIO-1 task-30] lavalink.server.io.SocketServer          : Connection successfully established from /127.0.0.1:34858
2021-03-16 10:02:53.641  INFO 28285 --- [XNIO-1 task-31] l.server.player.AudioLoaderRestHandler   : Got request to load for identifier "the fat rat"
2021-03-16 10:02:53.642  INFO 28285 --- [lava-daemon-pool-info-loader-2-thread-1] lavalink.server.player.AudioLoader       : No matches found
2021-03-16 10:02:53.669  INFO 28285 --- [XNIO-1 task-1] l.server.player.AudioLoaderRestHandler   : Got request to load for identifier "ytsearch:the fat rat"
2021-03-16 10:02:54.369  INFO 28285 --- [lava-daemon-pool-info-loader-2-thread-1] lavalink.server.player.AudioLoader       : Loaded playlist Search results for: the fat rat
2021-03-16 10:02:55.211  INFO 28285 --- [XNIO-1 I/O-3] lavalink.server.io.SocketServer          : {"op": "voiceUpdate", "guildId": "805066192603054100", "sessionId": "cd36e0793830b655be5c2fb4c4731cbd", "event": {"token": "409cb6d5d333405a", "guild_id": "805066192603054100", "endpoint": "eu-central8773.discord.media:443"}}
2021-03-16 10:03:03.815  INFO 28285 --- [XNIO-1 I/O-3] lavalink.server.io.SocketServer          : Connection closed from /127.0.0.1:34858 -- CloseStatus[code=1006, reason=]
2021-03-16 10:03:03.818  INFO 28285 --- [XNIO-1 I/O-3] lavalink.server.io.SocketContext         : Shutting down 0 playing players.
2021-03-16 10:03:09.112  INFO 28285 --- [XNIO-1 task-3] l.server.io.HandshakeInterceptorImpl     : Incoming connection from /127.0.0.1:34876
2021-03-16 10:03:09.137  INFO 28285 --- [XNIO-1 task-3] lavalink.server.io.SocketServer          : Connection successfully established from /127.0.0.1:34876
2021-03-16 10:03:11.181  INFO 28285 --- [XNIO-1 task-4] l.server.player.AudioLoaderRestHandler   : Got request to load for identifier "the fat rat"
2021-03-16 10:03:11.185  INFO 28285 --- [lava-daemon-pool-info-loader-2-thread-1] lavalink.server.player.AudioLoader       : No matches found
2021-03-16 10:03:11.218  INFO 28285 --- [XNIO-1 task-6] l.server.player.AudioLoaderRestHandler   : Got request to load for identifier "ytsearch:the fat rat"
2021-03-16 10:03:11.964  INFO 28285 --- [lava-daemon-pool-info-loader-2-thread-1] lavalink.server.player.AudioLoader       : Loaded playlist Search results for: the fat rat
2021-03-16 10:03:12.411  INFO 28285 --- [XNIO-1 I/O-1] lavalink.server.io.SocketServer          : {"op": "play", "guildId": "805066192603054100", "track": "QAAAdAIAEVRoZUZhdFJhdCAtIFVuaXR5AAlUaGVGYXRSYXQAAAAAAAPMqAALbjhYOV9NZ0VkQ2cAAQAraHR0cHM6Ly93d3cueW91dHViZS5jb20vd2F0Y2g/dj1uOFg5X01nRWRDZwAHeW91dHViZQAAAAAAAAAA", "noReplace": true, "startTime": "0"}
2021-03-16 10:03:12.491  INFO 28285 --- [XNIO-1 I/O-1] lavalink.server.io.SocketServer          : {"op": "voiceUpdate", "guildId": "805066192603054100", "sessionId": "bfb15d57ce785286da2cb073fee73432", "event": {"token": "409cb6d5d333405a", "guild_id": "805066192603054100", "endpoint": "eu-central8773.discord.media:443"}}
2021-03-16 10:03:20.548  INFO 28285 --- [XNIO-1 task-8] l.server.player.AudioLoaderRestHandler   : Got request to load for identifier "bob"
2021-03-16 10:03:20.550  INFO 28285 --- [lava-daemon-pool-info-loader-2-thread-1] lavalink.server.player.AudioLoader       : No matches found
2021-03-16 10:03:20.596  INFO 28285 --- [XNIO-1 task-10] l.server.player.AudioLoaderRestHandler   : Got request to load for identifier "ytsearch:bob"
2021-03-16 10:03:21.308  INFO 28285 --- [lava-daemon-pool-info-loader-2-thread-1] lavalink.server.player.AudioLoader       : Loaded playlist Search results for: bob
2021-03-16 10:04:49.602  INFO 28285 --- [XNIO-1 task-12] l.server.player.AudioLoaderRestHandler   : Got request to load for identifier "pub 10 seconders"
2021-03-16 10:04:49.606  INFO 28285 --- [lava-daemon-pool-info-loader-2-thread-1] lavalink.server.player.AudioLoader       : No matches found
2021-03-16 10:04:49.635  INFO 28285 --- [XNIO-1 task-14] l.server.player.AudioLoaderRestHandler   : Got request to load for identifier "ytsearch:pub 10 seconders"
2021-03-16 10:04:50.446  INFO 28285 --- [lava-daemon-pool-info-loader-2-thread-1] lavalink.server.player.AudioLoader       : Loaded playlist Search results for: pub 10 seconders
2021-03-16 10:25:21.814  INFO 28285 --- [XNIO-1 I/O-1] lavalink.server.io.SocketServer          : Connection closed from /127.0.0.1:34876 -- CloseStatus[code=1006, reason=]
2021-03-16 10:25:21.817  INFO 28285 --- [XNIO-1 I/O-1] lavalink.server.io.SocketContext         : Shutting down 0 playing players.
2021-03-16 11:34:26.788  INFO 28285 --- [Thread-1] o.s.s.concurrent.ThreadPoolTaskExecutor  : Shutting down ExecutorService 'applicationTaskExecutor'
2021-03-16 11:34:26.800  INFO 28285 --- [Thread-1] c.s.d.l.tools.GarbageCollectionMonitor   : GC monitoring disabled.
2021-03-16 11:34:26.836  INFO 28285 --- [Thread-1] io.undertow.servlet                      : Destroying Spring FrameworkServlet 'dispatcherServlet'
