2021-02-01 10:06:46.710  INFO 9650 --- [main] lavalink.server.Launcher                 : 

[32m       .  [31m _                  _ _       _    [32m__ _ _
[32m      /\\ [31m| | __ ___   ____ _| (_)_ __ | | __[32m\ \ \ \
[32m     ( ( )[31m| |/ _` \ \ / / _` | | | '_ \| |/ /[32m \ \ \ \
[32m      \\/ [31m| | (_| |\ V / (_| | | | | | |   < [32m  ) ) ) )
[32m       '  [31m|_|\__,_| \_/ \__,_|_|_|_| |_|_|\_\[32m / / / /
[0m    =========================================[32m/_/_/_/[0m

	Version:        3.3.2.3
	Build:          1176
	Build time:     28.12.2020 18:59:16 UTC
	Branch          master
	Commit:         68d398a
	Commit time:    28.12.2020 18:56:23 UTC
	JVM:            11.0.9.1
	Lavaplayer      1.3.65

2021-02-01 10:06:47.226  INFO 9650 --- [main] lavalink.server.Launcher                 : Starting Launcher on raspberrypi with PID 9650 (/home/pi/Desktop/Songs bot/logs/Lavalink.jar started by root in /home/pi/Desktop/Songs bot/logs)
2021-02-01 10:06:47.230  INFO 9650 --- [main] lavalink.server.Launcher                 : No active profile set, falling back to default profiles: default
2021-02-01 10:06:47.997  WARN 9650 --- [background-preinit] o.s.h.c.j.Jackson2ObjectMapperBuilder    : For Jackson Kotlin classes support please add "com.fasterxml.jackson.module:jackson-module-kotlin" to the classpath
2021-02-01 10:06:53.620  WARN 9650 --- [main] io.undertow.websockets.jsr               : UT026010: Buffer pool was not set on WebSocketDeploymentInfo, the default pool will be used
2021-02-01 10:06:53.741  INFO 9650 --- [main] io.undertow.servlet                      : Initializing Spring embedded WebApplicationContext
2021-02-01 10:06:53.742  INFO 9650 --- [main] o.s.web.context.ContextLoader            : Root WebApplicationContext: initialization completed in 6245 ms
2021-02-01 10:06:55.476  WARN 9650 --- [main] l.server.config.SentryConfiguration      : Turning off sentry
2021-02-01 10:06:57.064  INFO 9650 --- [main] c.s.d.l.tools.GarbageCollectionMonitor   : GC monitoring enabled, reporting results every 2 minutes.
2021-02-01 10:06:57.895  INFO 9650 --- [main] lavalink.server.config.KoeConfiguration  : OS: Linux, Arch: arm
2021-02-01 10:06:57.896  WARN 9650 --- [main] lavalink.server.config.KoeConfiguration  : This system and architecture appears to not support native audio sending! GC pauses may cause your bot to stutter during playback.
2021-02-01 10:06:59.287  INFO 9650 --- [main] o.s.s.concurrent.ThreadPoolTaskExecutor  : Initializing ExecutorService 'applicationTaskExecutor'
2021-02-01 10:07:01.168  INFO 9650 --- [main] org.xnio                                 : XNIO version 3.3.8.Final
2021-02-01 10:07:01.219  INFO 9650 --- [main] org.xnio.nio                             : XNIO NIO Implementation Version 3.3.8.Final
2021-02-01 10:07:01.497  INFO 9650 --- [main] o.s.b.w.e.u.UndertowServletWebServer     : Undertow started on port(s) 2333 (http) with context path ''
2021-02-01 10:07:01.514  INFO 9650 --- [main] lavalink.server.Launcher                 : Started Launcher in 17.549 seconds (JVM running for 20.668)
2021-02-01 10:07:01.520  INFO 9650 --- [main] lavalink.server.Launcher                 : You can safely ignore the big red warning about illegal reflection. See https://github.com/Frederikam/Lavalink/issues/295
2021-02-01 15:09:13.834  INFO 9650 --- [Thread-1] o.s.s.concurrent.ThreadPoolTaskExecutor  : Shutting down ExecutorService 'applicationTaskExecutor'
2021-02-01 15:09:13.853  INFO 9650 --- [Thread-1] c.s.d.l.tools.GarbageCollectionMonitor   : GC monitoring disabled.
